Arguments: 
  C:\Program Files\nodejs\node.exe C:\Program Files\nodejs\node_modules\yarn\bin\yarn.js install

PATH: 
  C:\Users\robin\bin;C:\Program Files\Git\mingw64\bin;C:\Program Files\Git\usr\local\bin;C:\Program Files\Git\usr\bin;C:\Program Files\Git\usr\bin;C:\Program Files\Git\mingw64\bin;C:\Program Files\Git\usr\bin;C:\Users\robin\bin;C:\Windows\system32;C:\Windows;C:\Windows\System32\Wbem;C:\Windows\System32\WindowsPowerShell\v1.0;C:\Windows\System32\OpenSSH;%NVM_HOME%;%NVM_SYMLINK%;C:\Program Files\Git\cmd;C:\Users\robin\AppData\Local\Microsoft\WindowsApps;C:\Users\robin\AppData\Roaming\nvm;C:\Program Files\nodejs;C:\Users\robin\AppData\Local\Programs\Microsoft VS Code\bin;C:\Program Files\Git\usr\bin\vendor_perl;C:\Program Files\Git\usr\bin\core_perl

Yarn version: 
  1.22.10

Node version: 
  16.1.0

Platform: 
  win32 x64

Trace: 
  SyntaxError: C:\Users\robin\Desktop\dev\icecream\package.json: Unexpected token } in JSON at position 1253
      at JSON.parse (<anonymous>)
      at C:\Users\robin\AppData\Roaming\nvm\v16.1.0\node_modules\yarn\lib\cli.js:1625:59
      at Generator.next (<anonymous>)
      at step (C:\Users\robin\AppData\Roaming\nvm\v16.1.0\node_modules\yarn\lib\cli.js:310:30)
      at C:\Users\robin\AppData\Roaming\nvm\v16.1.0\node_modules\yarn\lib\cli.js:321:13

npm manifest: 
  {
    "version": "1.0.0",
    "description": "",
    "private": true,
    "workspaces": [
      "shared",
      "backend",
      "frontend"
    ],
    "scripts": {
      "be": "yarn workspace backend",
      "fe": "yarn workspace frontend",
      "shared": "yarn workspace shared",
      "lint": "eslint .",
      "check-types": "tsc --noEmit",
      "prettier": "prettier --ignore-path .gitignore \"**/*.+(js|json|ts|tsx)\"",
      "format": "yarn prettier -- --write",
      "dev": "concurrently -c \"blue.bold,orange.bold\" \"yarn be dev\" \"yarn fe dev\"",
      "clean:root": "rm -rf node_modules/",
      "clean:dist": "yarn shared clean:dist && yarn be clean:dist && yarn fe clean:dist",
      "clean:nodes": "yarn clean:root && yarn shared clean && yarn be clean && yarn fe clean",
      "clean:all": "yarn clean:dist && yarn clean:nodes"
    },
    "author": "",
    "license": "ISC",
    "dependencies": {},
    "devDependencies": {
      "@babel/core": "^7.13.10",
      "@types/node": "^14.14.25",
      "@typescript-eslint/eslint-plugin": "^4.18.0",
      "@typescript-eslint/parser": "^4.18.0",
      "eslint": "^7.22.0",
      "eslint-config-universe": "^7.0.1",
      "husky": "^5.1.3",
      "lint-staged": "^10.5.4",
      "prettier": "^2.2.1",
      "typescript": "^4.1.3",
      "concurrently": "^6.0.0",
    },
    "husky": {
      "hooks": {
        "pre-commit": "lint-staged"
      }
    },
    "lint-staged": {
      "*.ts(x)": "eslint --cache --fix",
      "*.{ts,tsx,json,js}": "prettier --write"
    }
  }

yarn manifest: 
  No manifest

Lockfile: 
  No lockfile
